Flutter crash report.
Please report a bug at https://github.com/flutter/flutter/issues.

## command

flutter run --machine --target lib\main.dart -d 192.168.10.5:5555 --dart-define=flutter.inspector.structuredErrors=true --start-paused --web-server-debug-protocol ws --web-server-debug-backend-protocol ws --web-allow-expose-url --devtools-server-address http://127.0.0.1:9100/ --devtools-server-address http://127.0.0.1:9100/

## exception

StateError: Bad state: No element

```
#0      List.first (dart:core-patch/growable_array.dart:332:5)
#1      ResidentRunner.invokeFlutterExtensionRpcRawOnFirstIsolate (package:flutter_tools/src/resident_runner.dart:862:12)
<asynchronous suspension>
```

## flutter doctor

```
[✓] Flutter (Channel stable, 2.0.2, on Microsoft Windows [Version 10.0.19042.867], locale en-PK)
    • Flutter version 2.0.2 at D:\Windows\Flutter\flutter
    • Framework revision 8962f6dc68 (5 days ago), 2021-03-11 13:22:20 -0800
    • Engine revision 5d8bf811b3
    • Dart version 2.12.1

[✓] Android toolchain - develop for Android devices (Android SDK version 30.0.2)
    • Android SDK at D:\Windows\Flutter\SDK
    • Platform android-30, build-tools 30.0.2
    • ANDROID_HOME = D:\Windows\Flutter\SDK
    • Java binary at: D:\Windows\Flutter\Studio\jre\bin\java
    • Java version OpenJDK Runtime Environment (build 1.8.0_242-release-1644-b01)
    • All Android licenses accepted.

[✓] Chrome - develop for the web
    • Chrome at C:\Program Files\Google\Chrome\Application\chrome.exe

[✓] Android Studio (version 4.1.0)
    • Android Studio at D:\Windows\Flutter\Studio
    • Flutter plugin can be installed from:
      🔨 https://plugins.jetbrains.com/plugin/9212-flutter
    • Dart plugin can be installed from:
      🔨 https://plugins.jetbrains.com/plugin/6351-dart
    • Java version OpenJDK Runtime Environment (build 1.8.0_242-release-1644-b01)

[✓] VS Code (version 1.54.3)
    • VS Code at C:\Users\Ahmed Waseem\AppData\Local\Programs\Microsoft VS Code
    • Flutter extension version 3.20.0

[✓] Connected device (3 available)
    • M2101K7AG (mobile) • 192.168.10.5:5555 • android-arm64  • Android 11 (API 30)
    • Chrome (web)       • chrome            • web-javascript • Google Chrome 89.0.4389.90
    • Edge (web)         • edge              • web-javascript • Microsoft Edge 89.0.774.54

• No issues found!
```
